<?xml version="1.0" encoding="UTF-8"?>
<!-- Generated by org.testng.reporters.JUnitReportReporter -->
<testsuite skipped="0" hostname="SVARLP2018206" name="cucumberOptions.TestNgTestRunner" tests="1" failures="0" timestamp="2021-06-06T22:43:53 ART" time="0.206" errors="0">
  <testcase name="runScenario" time="0.206" classname="cucumberOptions.TestNgTestRunner"/>
  <system-out/>
</testsuite> <!-- cucumberOptions.TestNgTestRunner -->
